2025-10-07T21:08:36.652+05:30  INFO 1092 --- [charge-management-system] [restartedMain] c.b.c.ChargeManagementSystemApplication  : Starting ChargeManagementSystemApplication using Java 24.0.2 with PID 1092 (D:\Virtusa Internship\Project\charge-management-system\target\classes started by srikr in D:\Virtusa Internship\Project\charge-management-system)
2025-10-07T21:08:36.666+05:30  INFO 1092 --- [charge-management-system] [restartedMain] c.b.c.ChargeManagementSystemApplication  : The following 1 profile is active: "dev"
2025-10-07T21:08:37.102+05:30  INFO 1092 --- [charge-management-system] [restartedMain] .e.DevToolsPropertyDefaultsPostProcessor : Devtools property defaults active! Set 'spring.devtools.add-properties' to 'false' to disable
2025-10-07T21:08:37.117+05:30  INFO 1092 --- [charge-management-system] [restartedMain] .e.DevToolsPropertyDefaultsPostProcessor : For additional web related logging consider setting the 'logging.level.web' property to 'DEBUG'
2025-10-07T21:08:39.992+05:30  INFO 1092 --- [charge-management-system] [restartedMain] .s.d.r.c.RepositoryConfigurationDelegate : Bootstrapping Spring Data JPA repositories in DEFAULT mode.
2025-10-07T21:08:40.159+05:30  INFO 1092 --- [charge-management-system] [restartedMain] .s.d.r.c.RepositoryConfigurationDelegate : Finished Spring Data repository scanning in 142 ms. Found 6 JPA repository interfaces.
2025-10-07T21:08:43.228+05:30  INFO 1092 --- [charge-management-system] [restartedMain] o.s.b.w.embedded.tomcat.TomcatWebServer  : Tomcat initialized with port 8080 (http)
2025-10-07T21:08:43.267+05:30  INFO 1092 --- [charge-management-system] [restartedMain] o.apache.catalina.core.StandardService   : Starting service [Tomcat]
2025-10-07T21:08:43.268+05:30  INFO 1092 --- [charge-management-system] [restartedMain] o.apache.catalina.core.StandardEngine    : Starting Servlet engine: [Apache Tomcat/10.1.44]
2025-10-07T21:08:43.403+05:30  INFO 1092 --- [charge-management-system] [restartedMain] o.a.c.c.C.[.[localhost].[/charge-mgmt]   : Initializing Spring embedded WebApplicationContext
2025-10-07T21:08:43.404+05:30  INFO 1092 --- [charge-management-system] [restartedMain] w.s.c.ServletWebServerApplicationContext : Root WebApplicationContext: initialization completed in 6277 ms
2025-10-07T21:08:43.988+05:30  INFO 1092 --- [charge-management-system] [restartedMain] o.hibernate.jpa.internal.util.LogHelper  : HHH000204: Processing PersistenceUnitInfo [name: default]
2025-10-07T21:08:44.280+05:30  INFO 1092 --- [charge-management-system] [restartedMain] org.hibernate.Version                    : HHH000412: Hibernate ORM core version 6.6.26.Final
2025-10-07T21:08:44.450+05:30  INFO 1092 --- [charge-management-system] [restartedMain] o.h.c.internal.RegionFactoryInitiator    : HHH000026: Second-level cache disabled
2025-10-07T21:08:45.264+05:30  INFO 1092 --- [charge-management-system] [restartedMain] o.s.o.j.p.SpringPersistenceUnitInfo      : No LoadTimeWeaver setup: ignoring JPA class transformer
2025-10-07T21:08:45.349+05:30  INFO 1092 --- [charge-management-system] [restartedMain] com.zaxxer.hikari.HikariDataSource       : HikariPool-1 - Starting...
2025-10-07T21:08:46.503+05:30  INFO 1092 --- [charge-management-system] [restartedMain] com.zaxxer.hikari.pool.HikariPool        : HikariPool-1 - Added connection com.mysql.cj.jdbc.ConnectionImpl@7ab67a67
2025-10-07T21:08:46.507+05:30  INFO 1092 --- [charge-management-system] [restartedMain] com.zaxxer.hikari.HikariDataSource       : HikariPool-1 - Start completed.
2025-10-07T21:08:46.672+05:30  WARN 1092 --- [charge-management-system] [restartedMain] org.hibernate.orm.deprecation            : HHH90000025: MySQL8Dialect does not need to be specified explicitly using 'hibernate.dialect' (remove the property setting and it will be selected by default)
2025-10-07T21:08:46.674+05:30  WARN 1092 --- [charge-management-system] [restartedMain] org.hibernate.orm.deprecation            : HHH90000026: MySQL8Dialect has been deprecated; use org.hibernate.dialect.MySQLDialect instead
2025-10-07T21:08:46.736+05:30  INFO 1092 --- [charge-management-system] [restartedMain] org.hibernate.orm.connections.pooling    : HHH10001005: Database info:
	Database JDBC URL [Connecting through datasource 'HikariDataSource (HikariPool-1)']
	Database driver: undefined/unknown
	Database version: 8.0
	Autocommit mode: undefined/unknown
	Isolation level: undefined/unknown
	Minimum pool size: undefined/unknown
	Maximum pool size: undefined/unknown
2025-10-07T21:08:49.387+05:30  INFO 1092 --- [charge-management-system] [restartedMain] o.h.e.t.j.p.i.JtaPlatformInitiator       : HHH000489: No JTA platform available (set 'hibernate.transaction.jta.platform' to enable JTA platform integration)
2025-10-07T21:08:49.611+05:30  INFO 1092 --- [charge-management-system] [restartedMain] j.LocalContainerEntityManagerFactoryBean : Initialized JPA EntityManagerFactory for persistence unit 'default'
2025-10-07T21:08:50.533+05:30  INFO 1092 --- [charge-management-system] [restartedMain] o.s.d.j.r.query.QueryEnhancerFactory     : Hibernate is in classpath; If applicable, HQL parser will be used.
2025-10-07T21:08:59.519+05:30  WARN 1092 --- [charge-management-system] [restartedMain] JpaBaseConfiguration$JpaWebConfiguration : spring.jpa.open-in-view is enabled by default. Therefore, database queries may be performed during view rendering. Explicitly configure spring.jpa.open-in-view to disable this warning
2025-10-07T21:09:00.539+05:30 DEBUG 1092 --- [charge-management-system] [restartedMain] swordEncoderAuthenticationManagerBuilder : No authenticationProviders and no parentAuthenticationManager defined. Returning null.
2025-10-07T21:09:00.858+05:30 DEBUG 1092 --- [charge-management-system] [restartedMain] o.s.s.web.DefaultSecurityFilterChain     : Will secure any request with filters: DisableEncodeUrlFilter, WebAsyncManagerIntegrationFilter, SecurityContextHolderFilter, HeaderWriterFilter, CorsFilter, LogoutFilter, RequestCacheAwareFilter, SecurityContextHolderAwareRequestFilter, AnonymousAuthenticationFilter, ExceptionTranslationFilter, AuthorizationFilter
2025-10-07T21:09:01.985+05:30  INFO 1092 --- [charge-management-system] [restartedMain] o.s.b.d.a.OptionalLiveReloadServer       : LiveReload server is running on port 35729
2025-10-07T21:09:02.095+05:30  INFO 1092 --- [charge-management-system] [restartedMain] o.s.b.w.embedded.tomcat.TomcatWebServer  : Tomcat started on port 8080 (http) with context path '/charge-mgmt'
2025-10-07T21:09:02.125+05:30  INFO 1092 --- [charge-management-system] [restartedMain] c.b.c.ChargeManagementSystemApplication  : Started ChargeManagementSystemApplication in 26.774 seconds (process running for 28.74)
2025-10-07T21:09:06.606+05:30  INFO 1092 --- [charge-management-system] [http-nio-8080-exec-1] o.a.c.c.C.[.[localhost].[/charge-mgmt]   : Initializing Spring DispatcherServlet 'dispatcherServlet'
2025-10-07T21:09:06.607+05:30  INFO 1092 --- [charge-management-system] [http-nio-8080-exec-1] o.s.web.servlet.DispatcherServlet        : Initializing Servlet 'dispatcherServlet'
2025-10-07T21:09:06.609+05:30  INFO 1092 --- [charge-management-system] [http-nio-8080-exec-1] o.s.web.servlet.DispatcherServlet        : Completed initialization in 2 ms
2025-10-07T21:09:06.673+05:30 DEBUG 1092 --- [charge-management-system] [http-nio-8080-exec-2] o.s.security.web.FilterChainProxy        : Securing GET /api/health
2025-10-07T21:09:06.673+05:30 DEBUG 1092 --- [charge-management-system] [http-nio-8080-exec-1] o.s.security.web.FilterChainProxy        : Securing GET /api/welcome
2025-10-07T21:09:06.755+05:30 DEBUG 1092 --- [charge-management-system] [http-nio-8080-exec-2] o.s.security.web.FilterChainProxy        : Secured GET /api/health
2025-10-07T21:09:06.755+05:30 DEBUG 1092 --- [charge-management-system] [http-nio-8080-exec-1] o.s.security.web.FilterChainProxy        : Secured GET /api/welcome
2025-10-07T21:09:06.958+05:30 DEBUG 1092 --- [charge-management-system] [http-nio-8080-exec-1] o.s.s.w.a.AnonymousAuthenticationFilter  : Set SecurityContextHolder to anonymous SecurityContext
2025-10-07T21:09:06.960+05:30 DEBUG 1092 --- [charge-management-system] [http-nio-8080-exec-2] o.s.s.w.a.AnonymousAuthenticationFilter  : Set SecurityContextHolder to anonymous SecurityContext
2025-10-07T21:09:12.046+05:30 DEBUG 1092 --- [charge-management-system] [http-nio-8080-exec-3] o.s.security.web.FilterChainProxy        : Securing GET /api/rules
2025-10-07T21:09:12.046+05:30 DEBUG 1092 --- [charge-management-system] [http-nio-8080-exec-4] o.s.security.web.FilterChainProxy        : Securing GET /api/rules/metadata
2025-10-07T21:09:12.050+05:30 DEBUG 1092 --- [charge-management-system] [http-nio-8080-exec-3] o.s.security.web.FilterChainProxy        : Secured GET /api/rules
2025-10-07T21:09:12.050+05:30 DEBUG 1092 --- [charge-management-system] [http-nio-8080-exec-4] o.s.security.web.FilterChainProxy        : Secured GET /api/rules/metadata
2025-10-07T21:09:12.383+05:30 DEBUG 1092 --- [charge-management-system] [http-nio-8080-exec-4] o.s.s.w.a.AnonymousAuthenticationFilter  : Set SecurityContextHolder to anonymous SecurityContext
2025-10-07T21:09:12.389+05:30 DEBUG 1092 --- [charge-management-system] [http-nio-8080-exec-5] o.s.security.web.FilterChainProxy        : Securing GET /api/rules/metadata
2025-10-07T21:09:12.398+05:30 DEBUG 1092 --- [charge-management-system] [http-nio-8080-exec-5] o.s.security.web.FilterChainProxy        : Secured GET /api/rules/metadata
2025-10-07T21:09:12.406+05:30 DEBUG 1092 --- [charge-management-system] [http-nio-8080-exec-5] o.s.s.w.a.AnonymousAuthenticationFilter  : Set SecurityContextHolder to anonymous SecurityContext
2025-10-07T21:09:12.920+05:30 DEBUG 1092 --- [charge-management-system] [http-nio-8080-exec-3] o.s.s.w.a.AnonymousAuthenticationFilter  : Set SecurityContextHolder to anonymous SecurityContext
2025-10-07T21:09:12.925+05:30 DEBUG 1092 --- [charge-management-system] [http-nio-8080-exec-6] o.s.security.web.FilterChainProxy        : Securing GET /api/rules
2025-10-07T21:09:12.933+05:30 DEBUG 1092 --- [charge-management-system] [http-nio-8080-exec-6] o.s.security.web.FilterChainProxy        : Secured GET /api/rules
2025-10-07T21:09:12.942+05:30 DEBUG 1092 --- [charge-management-system] [http-nio-8080-exec-7] o.s.security.web.FilterChainProxy        : Securing GET /api/rules/statistics
2025-10-07T21:09:13.204+05:30 DEBUG 1092 --- [charge-management-system] [http-nio-8080-exec-7] o.s.security.web.FilterChainProxy        : Secured GET /api/rules/statistics
2025-10-07T21:09:13.241+05:30 DEBUG 1092 --- [charge-management-system] [http-nio-8080-exec-6] o.s.s.w.a.AnonymousAuthenticationFilter  : Set SecurityContextHolder to anonymous SecurityContext
2025-10-07T21:09:13.260+05:30 DEBUG 1092 --- [charge-management-system] [http-nio-8080-exec-8] o.s.security.web.FilterChainProxy        : Securing GET /api/rules
2025-10-07T21:09:13.267+05:30 DEBUG 1092 --- [charge-management-system] [http-nio-8080-exec-8] o.s.security.web.FilterChainProxy        : Secured GET /api/rules
2025-10-07T21:09:13.300+05:30 DEBUG 1092 --- [charge-management-system] [http-nio-8080-exec-8] o.s.s.w.a.AnonymousAuthenticationFilter  : Set SecurityContextHolder to anonymous SecurityContext
2025-10-07T21:09:13.431+05:30 DEBUG 1092 --- [charge-management-system] [http-nio-8080-exec-7] o.s.s.w.a.AnonymousAuthenticationFilter  : Set SecurityContextHolder to anonymous SecurityContext
2025-10-07T21:09:13.438+05:30 DEBUG 1092 --- [charge-management-system] [http-nio-8080-exec-7] o.s.security.web.FilterChainProxy        : Securing GET /api/rules/statistics
2025-10-07T21:09:13.440+05:30 DEBUG 1092 --- [charge-management-system] [http-nio-8080-exec-7] o.s.security.web.FilterChainProxy        : Secured GET /api/rules/statistics
2025-10-07T21:09:13.489+05:30 DEBUG 1092 --- [charge-management-system] [http-nio-8080-exec-7] o.s.s.w.a.AnonymousAuthenticationFilter  : Set SecurityContextHolder to anonymous SecurityContext
2025-10-07T21:09:13.525+05:30 DEBUG 1092 --- [charge-management-system] [http-nio-8080-exec-10] o.s.security.web.FilterChainProxy        : Securing GET /api/rules/statistics
2025-10-07T21:09:13.527+05:30 DEBUG 1092 --- [charge-management-system] [http-nio-8080-exec-10] o.s.security.web.FilterChainProxy        : Secured GET /api/rules/statistics
2025-10-07T21:09:13.561+05:30 DEBUG 1092 --- [charge-management-system] [http-nio-8080-exec-10] o.s.s.w.a.AnonymousAuthenticationFilter  : Set SecurityContextHolder to anonymous SecurityContext
2025-10-07T21:10:08.319+05:30 DEBUG 1092 --- [charge-management-system] [http-nio-8080-exec-5] o.s.security.web.FilterChainProxy        : Securing GET /api/charges/statistics
2025-10-07T21:10:08.317+05:30 DEBUG 1092 --- [charge-management-system] [http-nio-8080-exec-4] o.s.security.web.FilterChainProxy        : Securing GET /api/charges/test-scenarios
2025-10-07T21:10:08.326+05:30 DEBUG 1092 --- [charge-management-system] [http-nio-8080-exec-5] o.s.security.web.FilterChainProxy        : Secured GET /api/charges/statistics
2025-10-07T21:10:08.355+05:30 DEBUG 1092 --- [charge-management-system] [http-nio-8080-exec-4] o.s.security.web.FilterChainProxy        : Secured GET /api/charges/test-scenarios
2025-10-07T21:10:08.362+05:30 DEBUG 1092 --- [charge-management-system] [http-nio-8080-exec-3] o.s.security.web.FilterChainProxy        : Securing GET /api/charges/statistics
2025-10-07T21:10:08.369+05:30 DEBUG 1092 --- [charge-management-system] [http-nio-8080-exec-3] o.s.security.web.FilterChainProxy        : Secured GET /api/charges/statistics
2025-10-07T21:10:08.357+05:30 DEBUG 1092 --- [charge-management-system] [http-nio-8080-exec-5] o.s.s.w.a.AnonymousAuthenticationFilter  : Set SecurityContextHolder to anonymous SecurityContext
2025-10-07T21:10:08.401+05:30 DEBUG 1092 --- [charge-management-system] [http-nio-8080-exec-3] o.s.s.w.a.AnonymousAuthenticationFilter  : Set SecurityContextHolder to anonymous SecurityContext
2025-10-07T21:10:08.514+05:30 DEBUG 1092 --- [charge-management-system] [http-nio-8080-exec-4] o.s.s.w.a.AnonymousAuthenticationFilter  : Set SecurityContextHolder to anonymous SecurityContext
2025-10-07T21:10:08.519+05:30 DEBUG 1092 --- [charge-management-system] [http-nio-8080-exec-4] o.s.security.web.FilterChainProxy        : Securing GET /api/charges/test-scenarios
2025-10-07T21:10:08.521+05:30 DEBUG 1092 --- [charge-management-system] [http-nio-8080-exec-4] o.s.security.web.FilterChainProxy        : Secured GET /api/charges/test-scenarios
2025-10-07T21:10:08.556+05:30 DEBUG 1092 --- [charge-management-system] [http-nio-8080-exec-4] o.s.s.w.a.AnonymousAuthenticationFilter  : Set SecurityContextHolder to anonymous SecurityContext
2025-10-07T21:10:12.284+05:30 DEBUG 1092 --- [charge-management-system] [http-nio-8080-exec-8] o.s.security.web.FilterChainProxy        : Securing GET /api/settlements
2025-10-07T21:10:12.287+05:30 DEBUG 1092 --- [charge-management-system] [http-nio-8080-exec-8] o.s.security.web.FilterChainProxy        : Secured GET /api/settlements
2025-10-07T21:10:12.378+05:30 DEBUG 1092 --- [charge-management-system] [http-nio-8080-exec-8] o.s.s.w.a.AnonymousAuthenticationFilter  : Set SecurityContextHolder to anonymous SecurityContext
2025-10-07T21:10:12.471+05:30 DEBUG 1092 --- [charge-management-system] [http-nio-8080-exec-9] o.s.security.web.FilterChainProxy        : Securing GET /api/settlements
2025-10-07T21:10:12.490+05:30 DEBUG 1092 --- [charge-management-system] [http-nio-8080-exec-9] o.s.security.web.FilterChainProxy        : Secured GET /api/settlements
2025-10-07T21:10:12.513+05:30 DEBUG 1092 --- [charge-management-system] [http-nio-8080-exec-9] o.s.s.w.a.AnonymousAuthenticationFilter  : Set SecurityContextHolder to anonymous SecurityContext
2025-10-07T21:10:18.602+05:30 DEBUG 1092 --- [charge-management-system] [http-nio-8080-exec-2] o.s.security.web.FilterChainProxy        : Securing GET /api/settlements
2025-10-07T21:10:18.604+05:30 DEBUG 1092 --- [charge-management-system] [http-nio-8080-exec-2] o.s.security.web.FilterChainProxy        : Secured GET /api/settlements
2025-10-07T21:10:18.637+05:30 DEBUG 1092 --- [charge-management-system] [http-nio-8080-exec-2] o.s.s.w.a.AnonymousAuthenticationFilter  : Set SecurityContextHolder to anonymous SecurityContext
2025-10-07T21:10:18.647+05:30 DEBUG 1092 --- [charge-management-system] [http-nio-8080-exec-5] o.s.security.web.FilterChainProxy        : Securing GET /api/settlements
2025-10-07T21:10:18.651+05:30 DEBUG 1092 --- [charge-management-system] [http-nio-8080-exec-5] o.s.security.web.FilterChainProxy        : Secured GET /api/settlements
2025-10-07T21:10:18.673+05:30 DEBUG 1092 --- [charge-management-system] [http-nio-8080-exec-5] o.s.s.w.a.AnonymousAuthenticationFilter  : Set SecurityContextHolder to anonymous SecurityContext
2025-10-07T21:10:21.032+05:30 DEBUG 1092 --- [charge-management-system] [http-nio-8080-exec-3] o.s.security.web.FilterChainProxy        : Securing GET /api/charges/test-scenarios
2025-10-07T21:10:21.031+05:30 DEBUG 1092 --- [charge-management-system] [http-nio-8080-exec-6] o.s.security.web.FilterChainProxy        : Securing GET /api/charges/statistics
2025-10-07T21:10:21.046+05:30 DEBUG 1092 --- [charge-management-system] [http-nio-8080-exec-6] o.s.security.web.FilterChainProxy        : Secured GET /api/charges/statistics
2025-10-07T21:10:21.052+05:30 DEBUG 1092 --- [charge-management-system] [http-nio-8080-exec-3] o.s.security.web.FilterChainProxy        : Secured GET /api/charges/test-scenarios
2025-10-07T21:10:21.066+05:30 DEBUG 1092 --- [charge-management-system] [http-nio-8080-exec-6] o.s.s.w.a.AnonymousAuthenticationFilter  : Set SecurityContextHolder to anonymous SecurityContext
2025-10-07T21:10:21.073+05:30 DEBUG 1092 --- [charge-management-system] [http-nio-8080-exec-4] o.s.security.web.FilterChainProxy        : Securing GET /api/charges/statistics
2025-10-07T21:10:21.081+05:30 DEBUG 1092 --- [charge-management-system] [http-nio-8080-exec-4] o.s.security.web.FilterChainProxy        : Secured GET /api/charges/statistics
2025-10-07T21:10:21.083+05:30 DEBUG 1092 --- [charge-management-system] [http-nio-8080-exec-3] o.s.s.w.a.AnonymousAuthenticationFilter  : Set SecurityContextHolder to anonymous SecurityContext
2025-10-07T21:10:21.100+05:30 DEBUG 1092 --- [charge-management-system] [http-nio-8080-exec-8] o.s.security.web.FilterChainProxy        : Securing GET /api/charges/test-scenarios
2025-10-07T21:10:21.101+05:30 DEBUG 1092 --- [charge-management-system] [http-nio-8080-exec-4] o.s.s.w.a.AnonymousAuthenticationFilter  : Set SecurityContextHolder to anonymous SecurityContext
2025-10-07T21:10:21.102+05:30 DEBUG 1092 --- [charge-management-system] [http-nio-8080-exec-8] o.s.security.web.FilterChainProxy        : Secured GET /api/charges/test-scenarios
2025-10-07T21:10:21.139+05:30 DEBUG 1092 --- [charge-management-system] [http-nio-8080-exec-8] o.s.s.w.a.AnonymousAuthenticationFilter  : Set SecurityContextHolder to anonymous SecurityContext
2025-10-07T21:10:24.752+05:30 DEBUG 1092 --- [charge-management-system] [http-nio-8080-exec-1] o.s.security.web.FilterChainProxy        : Securing OPTIONS /api/charges/calculate
2025-10-07T21:10:24.762+05:30 DEBUG 1092 --- [charge-management-system] [http-nio-8080-exec-2] o.s.security.web.FilterChainProxy        : Securing POST /api/charges/calculate
2025-10-07T21:10:24.765+05:30 DEBUG 1092 --- [charge-management-system] [http-nio-8080-exec-2] o.s.security.web.FilterChainProxy        : Secured POST /api/charges/calculate
2025-10-07T21:10:25.213+05:30 DEBUG 1092 --- [charge-management-system] [http-nio-8080-exec-2] o.s.s.w.a.AnonymousAuthenticationFilter  : Set SecurityContextHolder to anonymous SecurityContext
2025-10-07T21:15:17.667+05:30 DEBUG 1092 --- [charge-management-system] [http-nio-8080-exec-3] o.s.security.web.FilterChainProxy        : Securing GET /api/rules/metadata
2025-10-07T21:15:17.667+05:30 DEBUG 1092 --- [charge-management-system] [http-nio-8080-exec-6] o.s.security.web.FilterChainProxy        : Securing GET /api/rules
2025-10-07T21:15:17.673+05:30 DEBUG 1092 --- [charge-management-system] [http-nio-8080-exec-6] o.s.security.web.FilterChainProxy        : Secured GET /api/rules
2025-10-07T21:15:17.673+05:30 DEBUG 1092 --- [charge-management-system] [http-nio-8080-exec-3] o.s.security.web.FilterChainProxy        : Secured GET /api/rules/metadata
2025-10-07T21:15:17.724+05:30 DEBUG 1092 --- [charge-management-system] [http-nio-8080-exec-3] o.s.s.w.a.AnonymousAuthenticationFilter  : Set SecurityContextHolder to anonymous SecurityContext
2025-10-07T21:15:17.734+05:30 DEBUG 1092 --- [charge-management-system] [http-nio-8080-exec-4] o.s.security.web.FilterChainProxy        : Securing GET /api/rules/metadata
2025-10-07T21:15:17.739+05:30 DEBUG 1092 --- [charge-management-system] [http-nio-8080-exec-4] o.s.security.web.FilterChainProxy        : Secured GET /api/rules/metadata
2025-10-07T21:15:17.752+05:30 DEBUG 1092 --- [charge-management-system] [http-nio-8080-exec-4] o.s.s.w.a.AnonymousAuthenticationFilter  : Set SecurityContextHolder to anonymous SecurityContext
2025-10-07T21:15:17.788+05:30 DEBUG 1092 --- [charge-management-system] [http-nio-8080-exec-6] o.s.s.w.a.AnonymousAuthenticationFilter  : Set SecurityContextHolder to anonymous SecurityContext
2025-10-07T21:15:17.792+05:30 DEBUG 1092 --- [charge-management-system] [http-nio-8080-exec-8] o.s.security.web.FilterChainProxy        : Securing GET /api/rules
2025-10-07T21:15:17.803+05:30 DEBUG 1092 --- [charge-management-system] [http-nio-8080-exec-8] o.s.security.web.FilterChainProxy        : Secured GET /api/rules
2025-10-07T21:15:17.814+05:30 DEBUG 1092 --- [charge-management-system] [http-nio-8080-exec-9] o.s.security.web.FilterChainProxy        : Securing GET /api/rules/statistics
2025-10-07T21:15:17.838+05:30 DEBUG 1092 --- [charge-management-system] [http-nio-8080-exec-9] o.s.security.web.FilterChainProxy        : Secured GET /api/rules/statistics
2025-10-07T21:15:17.869+05:30 DEBUG 1092 --- [charge-management-system] [http-nio-8080-exec-8] o.s.s.w.a.AnonymousAuthenticationFilter  : Set SecurityContextHolder to anonymous SecurityContext
2025-10-07T21:15:17.876+05:30 DEBUG 1092 --- [charge-management-system] [http-nio-8080-exec-10] o.s.security.web.FilterChainProxy        : Securing GET /api/rules
2025-10-07T21:15:17.906+05:30 DEBUG 1092 --- [charge-management-system] [http-nio-8080-exec-10] o.s.security.web.FilterChainProxy        : Secured GET /api/rules
2025-10-07T21:15:17.951+05:30 DEBUG 1092 --- [charge-management-system] [http-nio-8080-exec-9] o.s.s.w.a.AnonymousAuthenticationFilter  : Set SecurityContextHolder to anonymous SecurityContext
2025-10-07T21:15:17.959+05:30 DEBUG 1092 --- [charge-management-system] [http-nio-8080-exec-9] o.s.security.web.FilterChainProxy        : Securing GET /api/rules/statistics
2025-10-07T21:15:17.964+05:30 DEBUG 1092 --- [charge-management-system] [http-nio-8080-exec-9] o.s.security.web.FilterChainProxy        : Secured GET /api/rules/statistics
2025-10-07T21:15:18.027+05:30 DEBUG 1092 --- [charge-management-system] [http-nio-8080-exec-9] o.s.s.w.a.AnonymousAuthenticationFilter  : Set SecurityContextHolder to anonymous SecurityContext
2025-10-07T21:15:18.076+05:30 DEBUG 1092 --- [charge-management-system] [http-nio-8080-exec-10] o.s.s.w.a.AnonymousAuthenticationFilter  : Set SecurityContextHolder to anonymous SecurityContext
2025-10-07T21:15:18.094+05:30 DEBUG 1092 --- [charge-management-system] [http-nio-8080-exec-1] o.s.security.web.FilterChainProxy        : Securing GET /api/rules/statistics
2025-10-07T21:15:18.105+05:30 DEBUG 1092 --- [charge-management-system] [http-nio-8080-exec-1] o.s.security.web.FilterChainProxy        : Secured GET /api/rules/statistics
2025-10-07T21:15:18.155+05:30 DEBUG 1092 --- [charge-management-system] [http-nio-8080-exec-1] o.s.s.w.a.AnonymousAuthenticationFilter  : Set SecurityContextHolder to anonymous SecurityContext
2025-10-07T21:15:25.755+05:30 DEBUG 1092 --- [charge-management-system] [http-nio-8080-exec-5] o.s.security.web.FilterChainProxy        : Securing GET /api/charges/statistics
2025-10-07T21:15:25.755+05:30 DEBUG 1092 --- [charge-management-system] [http-nio-8080-exec-2] o.s.security.web.FilterChainProxy        : Securing GET /api/charges/test-scenarios
2025-10-07T21:15:25.757+05:30 DEBUG 1092 --- [charge-management-system] [http-nio-8080-exec-5] o.s.security.web.FilterChainProxy        : Secured GET /api/charges/statistics
2025-10-07T21:15:25.758+05:30 DEBUG 1092 --- [charge-management-system] [http-nio-8080-exec-2] o.s.security.web.FilterChainProxy        : Secured GET /api/charges/test-scenarios
2025-10-07T21:15:25.787+05:30 DEBUG 1092 --- [charge-management-system] [http-nio-8080-exec-5] o.s.s.w.a.AnonymousAuthenticationFilter  : Set SecurityContextHolder to anonymous SecurityContext
2025-10-07T21:15:25.789+05:30 DEBUG 1092 --- [charge-management-system] [http-nio-8080-exec-3] o.s.security.web.FilterChainProxy        : Securing GET /api/charges/statistics
2025-10-07T21:15:25.823+05:30 DEBUG 1092 --- [charge-management-system] [http-nio-8080-exec-3] o.s.security.web.FilterChainProxy        : Secured GET /api/charges/statistics
2025-10-07T21:15:25.826+05:30 DEBUG 1092 --- [charge-management-system] [http-nio-8080-exec-2] o.s.s.w.a.AnonymousAuthenticationFilter  : Set SecurityContextHolder to anonymous SecurityContext
2025-10-07T21:15:25.836+05:30 DEBUG 1092 --- [charge-management-system] [http-nio-8080-exec-4] o.s.security.web.FilterChainProxy        : Securing GET /api/charges/test-scenarios
2025-10-07T21:15:25.848+05:30 DEBUG 1092 --- [charge-management-system] [http-nio-8080-exec-3] o.s.s.w.a.AnonymousAuthenticationFilter  : Set SecurityContextHolder to anonymous SecurityContext
2025-10-07T21:15:25.849+05:30 DEBUG 1092 --- [charge-management-system] [http-nio-8080-exec-4] o.s.security.web.FilterChainProxy        : Secured GET /api/charges/test-scenarios
2025-10-07T21:15:25.877+05:30 DEBUG 1092 --- [charge-management-system] [http-nio-8080-exec-4] o.s.s.w.a.AnonymousAuthenticationFilter  : Set SecurityContextHolder to anonymous SecurityContext
2025-10-07T21:15:27.760+05:30 DEBUG 1092 --- [charge-management-system] [http-nio-8080-exec-6] o.s.security.web.FilterChainProxy        : Securing OPTIONS /api/charges/calculate
2025-10-07T21:15:27.773+05:30 DEBUG 1092 --- [charge-management-system] [http-nio-8080-exec-8] o.s.security.web.FilterChainProxy        : Securing POST /api/charges/calculate
2025-10-07T21:15:27.774+05:30 DEBUG 1092 --- [charge-management-system] [http-nio-8080-exec-8] o.s.security.web.FilterChainProxy        : Secured POST /api/charges/calculate
2025-10-07T21:15:27.867+05:30 DEBUG 1092 --- [charge-management-system] [http-nio-8080-exec-8] o.s.s.w.a.AnonymousAuthenticationFilter  : Set SecurityContextHolder to anonymous SecurityContext
2025-10-07T21:15:30.677+05:30 DEBUG 1092 --- [charge-management-system] [http-nio-8080-exec-7] o.s.security.web.FilterChainProxy        : Securing POST /api/charges/calculate
2025-10-07T21:15:30.679+05:30 DEBUG 1092 --- [charge-management-system] [http-nio-8080-exec-7] o.s.security.web.FilterChainProxy        : Secured POST /api/charges/calculate
2025-10-07T21:15:30.757+05:30 DEBUG 1092 --- [charge-management-system] [http-nio-8080-exec-7] o.s.s.w.a.AnonymousAuthenticationFilter  : Set SecurityContextHolder to anonymous SecurityContext
2025-10-07T21:15:33.132+05:30 DEBUG 1092 --- [charge-management-system] [http-nio-8080-exec-9] o.s.security.web.FilterChainProxy        : Securing OPTIONS /api/charges/calculate
2025-10-07T21:15:33.143+05:30 DEBUG 1092 --- [charge-management-system] [http-nio-8080-exec-10] o.s.security.web.FilterChainProxy        : Securing POST /api/charges/calculate
2025-10-07T21:15:33.151+05:30 DEBUG 1092 --- [charge-management-system] [http-nio-8080-exec-10] o.s.security.web.FilterChainProxy        : Secured POST /api/charges/calculate
2025-10-07T21:15:33.222+05:30 DEBUG 1092 --- [charge-management-system] [http-nio-8080-exec-10] o.s.s.w.a.AnonymousAuthenticationFilter  : Set SecurityContextHolder to anonymous SecurityContext
2025-10-07T21:15:36.398+05:30 DEBUG 1092 --- [charge-management-system] [http-nio-8080-exec-1] o.s.security.web.FilterChainProxy        : Securing POST /api/charges/calculate
2025-10-07T21:15:36.400+05:30 DEBUG 1092 --- [charge-management-system] [http-nio-8080-exec-1] o.s.security.web.FilterChainProxy        : Secured POST /api/charges/calculate
2025-10-07T21:15:36.476+05:30 DEBUG 1092 --- [charge-management-system] [http-nio-8080-exec-1] o.s.s.w.a.AnonymousAuthenticationFilter  : Set SecurityContextHolder to anonymous SecurityContext
2025-10-07T21:15:41.367+05:30 DEBUG 1092 --- [charge-management-system] [http-nio-8080-exec-5] o.s.security.web.FilterChainProxy        : Securing OPTIONS /api/charges/calculate
2025-10-07T21:15:41.373+05:30 DEBUG 1092 --- [charge-management-system] [http-nio-8080-exec-2] o.s.security.web.FilterChainProxy        : Securing POST /api/charges/calculate
2025-10-07T21:15:41.375+05:30 DEBUG 1092 --- [charge-management-system] [http-nio-8080-exec-2] o.s.security.web.FilterChainProxy        : Secured POST /api/charges/calculate
2025-10-07T21:15:41.453+05:30 DEBUG 1092 --- [charge-management-system] [http-nio-8080-exec-2] o.s.s.w.a.AnonymousAuthenticationFilter  : Set SecurityContextHolder to anonymous SecurityContext
2025-10-07T21:15:44.176+05:30 DEBUG 1092 --- [charge-management-system] [http-nio-8080-exec-3] o.s.security.web.FilterChainProxy        : Securing POST /api/charges/calculate
2025-10-07T21:15:44.178+05:30 DEBUG 1092 --- [charge-management-system] [http-nio-8080-exec-3] o.s.security.web.FilterChainProxy        : Secured POST /api/charges/calculate
2025-10-07T21:15:44.233+05:30 DEBUG 1092 --- [charge-management-system] [http-nio-8080-exec-3] o.s.s.w.a.AnonymousAuthenticationFilter  : Set SecurityContextHolder to anonymous SecurityContext
2025-10-07T21:15:46.584+05:30 DEBUG 1092 --- [charge-management-system] [http-nio-8080-exec-4] o.s.security.web.FilterChainProxy        : Securing OPTIONS /api/charges/calculate
2025-10-07T21:15:46.591+05:30 DEBUG 1092 --- [charge-management-system] [http-nio-8080-exec-6] o.s.security.web.FilterChainProxy        : Securing POST /api/charges/calculate
2025-10-07T21:15:46.592+05:30 DEBUG 1092 --- [charge-management-system] [http-nio-8080-exec-6] o.s.security.web.FilterChainProxy        : Secured POST /api/charges/calculate
2025-10-07T21:15:46.645+05:30 DEBUG 1092 --- [charge-management-system] [http-nio-8080-exec-6] o.s.s.w.a.AnonymousAuthenticationFilter  : Set SecurityContextHolder to anonymous SecurityContext
2025-10-07T21:48:06.059+05:30 DEBUG 1092 --- [charge-management-system] [http-nio-8080-exec-1] o.s.security.web.FilterChainProxy        : Securing GET /api/rules/metadata
2025-10-07T21:48:06.059+05:30 DEBUG 1092 --- [charge-management-system] [http-nio-8080-exec-10] o.s.security.web.FilterChainProxy        : Securing GET /api/rules
2025-10-07T21:48:06.098+05:30 DEBUG 1092 --- [charge-management-system] [http-nio-8080-exec-1] o.s.security.web.FilterChainProxy        : Secured GET /api/rules/metadata
2025-10-07T21:48:06.099+05:30 DEBUG 1092 --- [charge-management-system] [http-nio-8080-exec-10] o.s.security.web.FilterChainProxy        : Secured GET /api/rules
2025-10-07T21:48:06.210+05:30 DEBUG 1092 --- [charge-management-system] [http-nio-8080-exec-1] o.s.s.w.a.AnonymousAuthenticationFilter  : Set SecurityContextHolder to anonymous SecurityContext
2025-10-07T21:48:06.213+05:30 DEBUG 1092 --- [charge-management-system] [http-nio-8080-exec-5] o.s.security.web.FilterChainProxy        : Securing GET /api/rules/metadata
2025-10-07T21:48:06.226+05:30 DEBUG 1092 --- [charge-management-system] [http-nio-8080-exec-5] o.s.security.web.FilterChainProxy        : Secured GET /api/rules/metadata
2025-10-07T21:48:06.237+05:30 DEBUG 1092 --- [charge-management-system] [http-nio-8080-exec-5] o.s.s.w.a.AnonymousAuthenticationFilter  : Set SecurityContextHolder to anonymous SecurityContext
2025-10-07T21:48:06.398+05:30 DEBUG 1092 --- [charge-management-system] [http-nio-8080-exec-10] o.s.s.w.a.AnonymousAuthenticationFilter  : Set SecurityContextHolder to anonymous SecurityContext
2025-10-07T21:48:06.407+05:30 DEBUG 1092 --- [charge-management-system] [http-nio-8080-exec-2] o.s.security.web.FilterChainProxy        : Securing GET /api/rules
2025-10-07T21:48:06.419+05:30 DEBUG 1092 --- [charge-management-system] [http-nio-8080-exec-3] o.s.security.web.FilterChainProxy        : Securing GET /api/rules/statistics
2025-10-07T21:48:06.418+05:30 DEBUG 1092 --- [charge-management-system] [http-nio-8080-exec-2] o.s.security.web.FilterChainProxy        : Secured GET /api/rules
2025-10-07T21:48:06.421+05:30 DEBUG 1092 --- [charge-management-system] [http-nio-8080-exec-3] o.s.security.web.FilterChainProxy        : Secured GET /api/rules/statistics
2025-10-07T21:48:06.457+05:30 DEBUG 1092 --- [charge-management-system] [http-nio-8080-exec-2] o.s.s.w.a.AnonymousAuthenticationFilter  : Set SecurityContextHolder to anonymous SecurityContext
2025-10-07T21:48:06.471+05:30 DEBUG 1092 --- [charge-management-system] [http-nio-8080-exec-4] o.s.security.web.FilterChainProxy        : Securing GET /api/rules
2025-10-07T21:48:06.478+05:30 DEBUG 1092 --- [charge-management-system] [http-nio-8080-exec-4] o.s.security.web.FilterChainProxy        : Secured GET /api/rules
2025-10-07T21:48:06.532+05:30 DEBUG 1092 --- [charge-management-system] [http-nio-8080-exec-4] o.s.s.w.a.AnonymousAuthenticationFilter  : Set SecurityContextHolder to anonymous SecurityContext
2025-10-07T21:48:06.576+05:30 DEBUG 1092 --- [charge-management-system] [http-nio-8080-exec-3] o.s.s.w.a.AnonymousAuthenticationFilter  : Set SecurityContextHolder to anonymous SecurityContext
2025-10-07T21:48:06.586+05:30 DEBUG 1092 --- [charge-management-system] [http-nio-8080-exec-6] o.s.security.web.FilterChainProxy        : Securing GET /api/rules/statistics
2025-10-07T21:48:06.587+05:30 DEBUG 1092 --- [charge-management-system] [http-nio-8080-exec-6] o.s.security.web.FilterChainProxy        : Secured GET /api/rules/statistics
2025-10-07T21:48:06.667+05:30 DEBUG 1092 --- [charge-management-system] [http-nio-8080-exec-6] o.s.s.w.a.AnonymousAuthenticationFilter  : Set SecurityContextHolder to anonymous SecurityContext
2025-10-07T21:48:06.685+05:30 DEBUG 1092 --- [charge-management-system] [http-nio-8080-exec-8] o.s.security.web.FilterChainProxy        : Securing GET /api/rules/statistics
2025-10-07T21:48:06.700+05:30 DEBUG 1092 --- [charge-management-system] [http-nio-8080-exec-8] o.s.security.web.FilterChainProxy        : Secured GET /api/rules/statistics
2025-10-07T21:48:06.745+05:30 DEBUG 1092 --- [charge-management-system] [http-nio-8080-exec-8] o.s.s.w.a.AnonymousAuthenticationFilter  : Set SecurityContextHolder to anonymous SecurityContext
2025-10-07T21:48:10.523+05:30 DEBUG 1092 --- [charge-management-system] [http-nio-8080-exec-5] o.s.security.web.FilterChainProxy        : Securing GET /api/settlements
2025-10-07T21:48:10.527+05:30 DEBUG 1092 --- [charge-management-system] [http-nio-8080-exec-5] o.s.security.web.FilterChainProxy        : Secured GET /api/settlements
2025-10-07T21:48:10.586+05:30 DEBUG 1092 --- [charge-management-system] [http-nio-8080-exec-5] o.s.s.w.a.AnonymousAuthenticationFilter  : Set SecurityContextHolder to anonymous SecurityContext
2025-10-07T21:48:10.598+05:30 DEBUG 1092 --- [charge-management-system] [http-nio-8080-exec-10] o.s.security.web.FilterChainProxy        : Securing GET /api/settlements
2025-10-07T21:48:10.619+05:30 DEBUG 1092 --- [charge-management-system] [http-nio-8080-exec-10] o.s.security.web.FilterChainProxy        : Secured GET /api/settlements
2025-10-07T21:48:10.648+05:30 DEBUG 1092 --- [charge-management-system] [http-nio-8080-exec-10] o.s.s.w.a.AnonymousAuthenticationFilter  : Set SecurityContextHolder to anonymous SecurityContext
2025-10-07T21:48:16.811+05:30 DEBUG 1092 --- [charge-management-system] [http-nio-8080-exec-4] o.s.security.web.FilterChainProxy        : Securing GET /api/rules/metadata
2025-10-07T21:48:16.814+05:30 DEBUG 1092 --- [charge-management-system] [http-nio-8080-exec-2] o.s.security.web.FilterChainProxy        : Securing GET /api/rules
2025-10-07T21:48:16.832+05:30 DEBUG 1092 --- [charge-management-system] [http-nio-8080-exec-2] o.s.security.web.FilterChainProxy        : Secured GET /api/rules
2025-10-07T21:48:16.832+05:30 DEBUG 1092 --- [charge-management-system] [http-nio-8080-exec-4] o.s.security.web.FilterChainProxy        : Secured GET /api/rules/metadata
2025-10-07T21:48:16.842+05:30 DEBUG 1092 --- [charge-management-system] [http-nio-8080-exec-4] o.s.s.w.a.AnonymousAuthenticationFilter  : Set SecurityContextHolder to anonymous SecurityContext
2025-10-07T21:48:16.847+05:30 DEBUG 1092 --- [charge-management-system] [http-nio-8080-exec-3] o.s.security.web.FilterChainProxy        : Securing GET /api/rules/metadata
2025-10-07T21:48:16.853+05:30 DEBUG 1092 --- [charge-management-system] [http-nio-8080-exec-3] o.s.security.web.FilterChainProxy        : Secured GET /api/rules/metadata
2025-10-07T21:48:16.870+05:30 DEBUG 1092 --- [charge-management-system] [http-nio-8080-exec-2] o.s.s.w.a.AnonymousAuthenticationFilter  : Set SecurityContextHolder to anonymous SecurityContext
2025-10-07T21:48:16.882+05:30 DEBUG 1092 --- [charge-management-system] [http-nio-8080-exec-8] o.s.security.web.FilterChainProxy        : Securing GET /api/rules
2025-10-07T21:48:16.896+05:30 DEBUG 1092 --- [charge-management-system] [http-nio-8080-exec-7] o.s.security.web.FilterChainProxy        : Securing GET /api/rules/statistics
2025-10-07T21:48:16.897+05:30 DEBUG 1092 --- [charge-management-system] [http-nio-8080-exec-8] o.s.security.web.FilterChainProxy        : Secured GET /api/rules
2025-10-07T21:48:16.899+05:30 DEBUG 1092 --- [charge-management-system] [http-nio-8080-exec-3] o.s.s.w.a.AnonymousAuthenticationFilter  : Set SecurityContextHolder to anonymous SecurityContext
2025-10-07T21:48:16.902+05:30 DEBUG 1092 --- [charge-management-system] [http-nio-8080-exec-7] o.s.security.web.FilterChainProxy        : Secured GET /api/rules/statistics
2025-10-07T21:48:16.947+05:30 DEBUG 1092 --- [charge-management-system] [http-nio-8080-exec-8] o.s.s.w.a.AnonymousAuthenticationFilter  : Set SecurityContextHolder to anonymous SecurityContext
2025-10-07T21:48:16.979+05:30 DEBUG 1092 --- [charge-management-system] [http-nio-8080-exec-7] o.s.s.w.a.AnonymousAuthenticationFilter  : Set SecurityContextHolder to anonymous SecurityContext
2025-10-07T21:48:16.982+05:30 DEBUG 1092 --- [charge-management-system] [http-nio-8080-exec-9] o.s.security.web.FilterChainProxy        : Securing GET /api/rules/statistics
2025-10-07T21:48:16.992+05:30 DEBUG 1092 --- [charge-management-system] [http-nio-8080-exec-9] o.s.security.web.FilterChainProxy        : Secured GET /api/rules/statistics
2025-10-07T21:48:17.060+05:30 DEBUG 1092 --- [charge-management-system] [http-nio-8080-exec-9] o.s.s.w.a.AnonymousAuthenticationFilter  : Set SecurityContextHolder to anonymous SecurityContext
2025-10-07T21:48:17.118+05:30 DEBUG 1092 --- [charge-management-system] [http-nio-8080-exec-1] o.s.security.web.FilterChainProxy        : Securing GET /api/rules
2025-10-07T21:48:17.119+05:30 DEBUG 1092 --- [charge-management-system] [http-nio-8080-exec-1] o.s.security.web.FilterChainProxy        : Secured GET /api/rules
2025-10-07T21:48:17.169+05:30 DEBUG 1092 --- [charge-management-system] [http-nio-8080-exec-1] o.s.s.w.a.AnonymousAuthenticationFilter  : Set SecurityContextHolder to anonymous SecurityContext
2025-10-07T21:48:17.190+05:30 DEBUG 1092 --- [charge-management-system] [http-nio-8080-exec-5] o.s.security.web.FilterChainProxy        : Securing GET /api/rules/statistics
2025-10-07T21:48:17.194+05:30 DEBUG 1092 --- [charge-management-system] [http-nio-8080-exec-5] o.s.security.web.FilterChainProxy        : Secured GET /api/rules/statistics
2025-10-07T21:48:17.262+05:30 DEBUG 1092 --- [charge-management-system] [http-nio-8080-exec-5] o.s.s.w.a.AnonymousAuthenticationFilter  : Set SecurityContextHolder to anonymous SecurityContext
2025-10-07T21:48:17.832+05:30 DEBUG 1092 --- [charge-management-system] [http-nio-8080-exec-4] o.s.security.web.FilterChainProxy        : Securing GET /api/charges/statistics
2025-10-07T21:48:17.833+05:30 DEBUG 1092 --- [charge-management-system] [http-nio-8080-exec-10] o.s.security.web.FilterChainProxy        : Securing GET /api/charges/test-scenarios
2025-10-07T21:48:17.835+05:30 DEBUG 1092 --- [charge-management-system] [http-nio-8080-exec-10] o.s.security.web.FilterChainProxy        : Secured GET /api/charges/test-scenarios
2025-10-07T21:48:17.835+05:30 DEBUG 1092 --- [charge-management-system] [http-nio-8080-exec-4] o.s.security.web.FilterChainProxy        : Secured GET /api/charges/statistics
2025-10-07T21:48:17.854+05:30 DEBUG 1092 --- [charge-management-system] [http-nio-8080-exec-4] o.s.s.w.a.AnonymousAuthenticationFilter  : Set SecurityContextHolder to anonymous SecurityContext
2025-10-07T21:48:17.860+05:30 DEBUG 1092 --- [charge-management-system] [http-nio-8080-exec-6] o.s.security.web.FilterChainProxy        : Securing GET /api/charges/statistics
2025-10-07T21:48:17.892+05:30 DEBUG 1092 --- [charge-management-system] [http-nio-8080-exec-6] o.s.security.web.FilterChainProxy        : Secured GET /api/charges/statistics
2025-10-07T21:48:17.903+05:30 DEBUG 1092 --- [charge-management-system] [http-nio-8080-exec-6] o.s.s.w.a.AnonymousAuthenticationFilter  : Set SecurityContextHolder to anonymous SecurityContext
2025-10-07T21:48:17.915+05:30 DEBUG 1092 --- [charge-management-system] [http-nio-8080-exec-10] o.s.s.w.a.AnonymousAuthenticationFilter  : Set SecurityContextHolder to anonymous SecurityContext
2025-10-07T21:48:17.917+05:30 DEBUG 1092 --- [charge-management-system] [http-nio-8080-exec-2] o.s.security.web.FilterChainProxy        : Securing GET /api/charges/test-scenarios
2025-10-07T21:48:17.926+05:30 DEBUG 1092 --- [charge-management-system] [http-nio-8080-exec-2] o.s.security.web.FilterChainProxy        : Secured GET /api/charges/test-scenarios
2025-10-07T21:48:17.969+05:30 DEBUG 1092 --- [charge-management-system] [http-nio-8080-exec-2] o.s.s.w.a.AnonymousAuthenticationFilter  : Set SecurityContextHolder to anonymous SecurityContext
2025-10-07T21:48:19.993+05:30 DEBUG 1092 --- [charge-management-system] [http-nio-8080-exec-3] o.s.security.web.FilterChainProxy        : Securing GET /api/settlements
2025-10-07T21:48:19.995+05:30 DEBUG 1092 --- [charge-management-system] [http-nio-8080-exec-3] o.s.security.web.FilterChainProxy        : Secured GET /api/settlements
2025-10-07T21:48:20.034+05:30 DEBUG 1092 --- [charge-management-system] [http-nio-8080-exec-3] o.s.s.w.a.AnonymousAuthenticationFilter  : Set SecurityContextHolder to anonymous SecurityContext
2025-10-07T21:48:20.036+05:30 DEBUG 1092 --- [charge-management-system] [http-nio-8080-exec-8] o.s.security.web.FilterChainProxy        : Securing GET /api/settlements
2025-10-07T21:48:20.048+05:30 DEBUG 1092 --- [charge-management-system] [http-nio-8080-exec-8] o.s.security.web.FilterChainProxy        : Secured GET /api/settlements
2025-10-07T21:48:20.103+05:30 DEBUG 1092 --- [charge-management-system] [http-nio-8080-exec-8] o.s.s.w.a.AnonymousAuthenticationFilter  : Set SecurityContextHolder to anonymous SecurityContext
2025-10-07T21:48:21.383+05:30 DEBUG 1092 --- [charge-management-system] [http-nio-8080-exec-7] o.s.security.web.FilterChainProxy        : Securing GET /api/users
2025-10-07T21:48:21.385+05:30 DEBUG 1092 --- [charge-management-system] [http-nio-8080-exec-7] o.s.security.web.FilterChainProxy        : Secured GET /api/users
2025-10-07T21:48:21.524+05:30 DEBUG 1092 --- [charge-management-system] [http-nio-8080-exec-7] o.s.s.w.a.AnonymousAuthenticationFilter  : Set SecurityContextHolder to anonymous SecurityContext
2025-10-07T21:48:21.541+05:30 DEBUG 1092 --- [charge-management-system] [http-nio-8080-exec-9] o.s.security.web.FilterChainProxy        : Securing GET /api/users
2025-10-07T21:48:21.545+05:30 DEBUG 1092 --- [charge-management-system] [http-nio-8080-exec-9] o.s.security.web.FilterChainProxy        : Secured GET /api/users
2025-10-07T21:48:21.566+05:30 DEBUG 1092 --- [charge-management-system] [http-nio-8080-exec-9] o.s.s.w.a.AnonymousAuthenticationFilter  : Set SecurityContextHolder to anonymous SecurityContext
2025-10-07T21:48:26.119+05:30 DEBUG 1092 --- [charge-management-system] [http-nio-8080-exec-1] o.s.security.web.FilterChainProxy        : Securing OPTIONS /api/users/13
2025-10-07T21:48:26.133+05:30 DEBUG 1092 --- [charge-management-system] [http-nio-8080-exec-5] o.s.security.web.FilterChainProxy        : Securing DELETE /api/users/13
2025-10-07T21:48:26.139+05:30 DEBUG 1092 --- [charge-management-system] [http-nio-8080-exec-5] o.s.security.web.FilterChainProxy        : Secured DELETE /api/users/13
2025-10-07T21:48:26.616+05:30 DEBUG 1092 --- [charge-management-system] [http-nio-8080-exec-5] o.s.s.w.a.AnonymousAuthenticationFilter  : Set SecurityContextHolder to anonymous SecurityContext
2025-10-07T21:48:26.629+05:30 DEBUG 1092 --- [charge-management-system] [http-nio-8080-exec-4] o.s.security.web.FilterChainProxy        : Securing GET /api/users
2025-10-07T21:48:26.631+05:30 DEBUG 1092 --- [charge-management-system] [http-nio-8080-exec-4] o.s.security.web.FilterChainProxy        : Secured GET /api/users
2025-10-07T21:48:26.644+05:30 DEBUG 1092 --- [charge-management-system] [http-nio-8080-exec-4] o.s.s.w.a.AnonymousAuthenticationFilter  : Set SecurityContextHolder to anonymous SecurityContext
2025-10-07T21:48:28.440+05:30 DEBUG 1092 --- [charge-management-system] [http-nio-8080-exec-3] o.s.security.web.FilterChainProxy        : Securing GET /api/settlements
2025-10-07T21:48:28.446+05:30 DEBUG 1092 --- [charge-management-system] [http-nio-8080-exec-3] o.s.security.web.FilterChainProxy        : Secured GET /api/settlements
2025-10-07T21:48:28.508+05:30 DEBUG 1092 --- [charge-management-system] [http-nio-8080-exec-3] o.s.s.w.a.AnonymousAuthenticationFilter  : Set SecurityContextHolder to anonymous SecurityContext
2025-10-07T21:48:28.513+05:30 DEBUG 1092 --- [charge-management-system] [http-nio-8080-exec-8] o.s.security.web.FilterChainProxy        : Securing GET /api/settlements
2025-10-07T21:48:28.519+05:30 DEBUG 1092 --- [charge-management-system] [http-nio-8080-exec-8] o.s.security.web.FilterChainProxy        : Secured GET /api/settlements
2025-10-07T21:48:28.559+05:30 DEBUG 1092 --- [charge-management-system] [http-nio-8080-exec-8] o.s.s.w.a.AnonymousAuthenticationFilter  : Set SecurityContextHolder to anonymous SecurityContext
2025-10-07T21:49:04.663+05:30 DEBUG 1092 --- [charge-management-system] [http-nio-8080-exec-1] o.s.security.web.FilterChainProxy        : Securing GET /api/health
2025-10-07T21:49:04.677+05:30 DEBUG 1092 --- [charge-management-system] [http-nio-8080-exec-5] o.s.security.web.FilterChainProxy        : Securing GET /api/welcome
2025-10-07T21:49:04.680+05:30 DEBUG 1092 --- [charge-management-system] [http-nio-8080-exec-5] o.s.security.web.FilterChainProxy        : Secured GET /api/welcome
2025-10-07T21:49:04.709+05:30 DEBUG 1092 --- [charge-management-system] [http-nio-8080-exec-1] o.s.security.web.FilterChainProxy        : Secured GET /api/health
2025-10-07T21:49:04.957+05:30 DEBUG 1092 --- [charge-management-system] [http-nio-8080-exec-1] o.s.s.w.a.AnonymousAuthenticationFilter  : Set SecurityContextHolder to anonymous SecurityContext
2025-10-07T21:49:04.966+05:30 DEBUG 1092 --- [charge-management-system] [http-nio-8080-exec-5] o.s.s.w.a.AnonymousAuthenticationFilter  : Set SecurityContextHolder to anonymous SecurityContext
2025-10-07T21:49:04.977+05:30 DEBUG 1092 --- [charge-management-system] [http-nio-8080-exec-4] o.s.security.web.FilterChainProxy        : Securing GET /api/welcome
2025-10-07T21:49:04.978+05:30 DEBUG 1092 --- [charge-management-system] [http-nio-8080-exec-4] o.s.security.web.FilterChainProxy        : Secured GET /api/welcome
2025-10-07T21:49:04.978+05:30 DEBUG 1092 --- [charge-management-system] [http-nio-8080-exec-5] o.s.security.web.FilterChainProxy        : Securing GET /api/health
2025-10-07T21:49:04.985+05:30 DEBUG 1092 --- [charge-management-system] [http-nio-8080-exec-4] o.s.s.w.a.AnonymousAuthenticationFilter  : Set SecurityContextHolder to anonymous SecurityContext
2025-10-07T21:49:04.995+05:30 DEBUG 1092 --- [charge-management-system] [http-nio-8080-exec-5] o.s.security.web.FilterChainProxy        : Secured GET /api/health
2025-10-07T21:49:05.016+05:30 DEBUG 1092 --- [charge-management-system] [http-nio-8080-exec-5] o.s.s.w.a.AnonymousAuthenticationFilter  : Set SecurityContextHolder to anonymous SecurityContext
2025-10-07T21:49:08.795+05:30 DEBUG 1092 --- [charge-management-system] [http-nio-8080-exec-6] o.s.security.web.FilterChainProxy        : Securing GET /api/settlements
2025-10-07T21:49:08.797+05:30 DEBUG 1092 --- [charge-management-system] [http-nio-8080-exec-6] o.s.security.web.FilterChainProxy        : Secured GET /api/settlements
2025-10-07T21:49:08.846+05:30 DEBUG 1092 --- [charge-management-system] [http-nio-8080-exec-6] o.s.s.w.a.AnonymousAuthenticationFilter  : Set SecurityContextHolder to anonymous SecurityContext
2025-10-07T21:49:08.848+05:30 DEBUG 1092 --- [charge-management-system] [http-nio-8080-exec-3] o.s.security.web.FilterChainProxy        : Securing GET /api/settlements
2025-10-07T21:49:08.862+05:30 DEBUG 1092 --- [charge-management-system] [http-nio-8080-exec-3] o.s.security.web.FilterChainProxy        : Secured GET /api/settlements
2025-10-07T21:49:08.895+05:30 DEBUG 1092 --- [charge-management-system] [http-nio-8080-exec-3] o.s.s.w.a.AnonymousAuthenticationFilter  : Set SecurityContextHolder to anonymous SecurityContext
2025-10-07T21:50:24.138+05:30 DEBUG 1092 --- [charge-management-system] [http-nio-8080-exec-7] o.s.security.web.FilterChainProxy        : Securing GET /api/charges/test-scenarios
2025-10-07T21:50:24.141+05:30 DEBUG 1092 --- [charge-management-system] [http-nio-8080-exec-1] o.s.security.web.FilterChainProxy        : Securing GET /api/charges/statistics
2025-10-07T21:50:24.152+05:30 DEBUG 1092 --- [charge-management-system] [http-nio-8080-exec-7] o.s.security.web.FilterChainProxy        : Secured GET /api/charges/test-scenarios
2025-10-07T21:50:24.158+05:30 DEBUG 1092 --- [charge-management-system] [http-nio-8080-exec-1] o.s.security.web.FilterChainProxy        : Secured GET /api/charges/statistics
2025-10-07T21:50:24.181+05:30 DEBUG 1092 --- [charge-management-system] [http-nio-8080-exec-4] o.s.security.web.FilterChainProxy        : Securing GET /api/charges/statistics
2025-10-07T21:50:24.186+05:30 DEBUG 1092 --- [charge-management-system] [http-nio-8080-exec-1] o.s.s.w.a.AnonymousAuthenticationFilter  : Set SecurityContextHolder to anonymous SecurityContext
2025-10-07T21:50:24.190+05:30 DEBUG 1092 --- [charge-management-system] [http-nio-8080-exec-4] o.s.security.web.FilterChainProxy        : Secured GET /api/charges/statistics
2025-10-07T21:50:24.196+05:30 DEBUG 1092 --- [charge-management-system] [http-nio-8080-exec-4] o.s.s.w.a.AnonymousAuthenticationFilter  : Set SecurityContextHolder to anonymous SecurityContext
2025-10-07T21:50:24.256+05:30 DEBUG 1092 --- [charge-management-system] [http-nio-8080-exec-7] o.s.s.w.a.AnonymousAuthenticationFilter  : Set SecurityContextHolder to anonymous SecurityContext
2025-10-07T21:50:24.271+05:30 DEBUG 1092 --- [charge-management-system] [http-nio-8080-exec-5] o.s.security.web.FilterChainProxy        : Securing GET /api/charges/test-scenarios
2025-10-07T21:50:24.273+05:30 DEBUG 1092 --- [charge-management-system] [http-nio-8080-exec-5] o.s.security.web.FilterChainProxy        : Secured GET /api/charges/test-scenarios
2025-10-07T21:50:24.289+05:30 DEBUG 1092 --- [charge-management-system] [http-nio-8080-exec-5] o.s.s.w.a.AnonymousAuthenticationFilter  : Set SecurityContextHolder to anonymous SecurityContext
2025-10-07T21:50:25.639+05:30 DEBUG 1092 --- [charge-management-system] [http-nio-8080-exec-10] o.s.security.web.FilterChainProxy        : Securing GET /api/rules/metadata
2025-10-07T21:50:25.645+05:30 DEBUG 1092 --- [charge-management-system] [http-nio-8080-exec-10] o.s.security.web.FilterChainProxy        : Secured GET /api/rules/metadata
2025-10-07T21:50:25.641+05:30 DEBUG 1092 --- [charge-management-system] [http-nio-8080-exec-2] o.s.security.web.FilterChainProxy        : Securing GET /api/rules
2025-10-07T21:50:25.681+05:30 DEBUG 1092 --- [charge-management-system] [http-nio-8080-exec-2] o.s.security.web.FilterChainProxy        : Secured GET /api/rules
2025-10-07T21:50:25.695+05:30 DEBUG 1092 --- [charge-management-system] [http-nio-8080-exec-6] o.s.security.web.FilterChainProxy        : Securing GET /api/rules/metadata
2025-10-07T21:50:25.695+05:30 DEBUG 1092 --- [charge-management-system] [http-nio-8080-exec-10] o.s.s.w.a.AnonymousAuthenticationFilter  : Set SecurityContextHolder to anonymous SecurityContext
2025-10-07T21:50:25.707+05:30 DEBUG 1092 --- [charge-management-system] [http-nio-8080-exec-6] o.s.security.web.FilterChainProxy        : Secured GET /api/rules/metadata
2025-10-07T21:50:25.709+05:30 DEBUG 1092 --- [charge-management-system] [http-nio-8080-exec-6] o.s.s.w.a.AnonymousAuthenticationFilter  : Set SecurityContextHolder to anonymous SecurityContext
2025-10-07T21:50:25.932+05:30 DEBUG 1092 --- [charge-management-system] [http-nio-8080-exec-2] o.s.s.w.a.AnonymousAuthenticationFilter  : Set SecurityContextHolder to anonymous SecurityContext
2025-10-07T21:50:25.944+05:30 DEBUG 1092 --- [charge-management-system] [http-nio-8080-exec-3] o.s.security.web.FilterChainProxy        : Securing GET /api/rules
2025-10-07T21:50:25.960+05:30 DEBUG 1092 --- [charge-management-system] [http-nio-8080-exec-8] o.s.security.web.FilterChainProxy        : Securing GET /api/rules/statistics
2025-10-07T21:50:25.960+05:30 DEBUG 1092 --- [charge-management-system] [http-nio-8080-exec-3] o.s.security.web.FilterChainProxy        : Secured GET /api/rules
2025-10-07T21:50:25.972+05:30 DEBUG 1092 --- [charge-management-system] [http-nio-8080-exec-8] o.s.security.web.FilterChainProxy        : Secured GET /api/rules/statistics
2025-10-07T21:50:26.125+05:30 DEBUG 1092 --- [charge-management-system] [http-nio-8080-exec-8] o.s.s.w.a.AnonymousAuthenticationFilter  : Set SecurityContextHolder to anonymous SecurityContext
2025-10-07T21:50:26.198+05:30 DEBUG 1092 --- [charge-management-system] [http-nio-8080-exec-3] o.s.s.w.a.AnonymousAuthenticationFilter  : Set SecurityContextHolder to anonymous SecurityContext
2025-10-07T21:50:26.200+05:30 DEBUG 1092 --- [charge-management-system] [http-nio-8080-exec-9] o.s.security.web.FilterChainProxy        : Securing GET /api/rules
2025-10-07T21:50:26.202+05:30 DEBUG 1092 --- [charge-management-system] [http-nio-8080-exec-9] o.s.security.web.FilterChainProxy        : Secured GET /api/rules
2025-10-07T21:50:26.211+05:30 DEBUG 1092 --- [charge-management-system] [http-nio-8080-exec-1] o.s.security.web.FilterChainProxy        : Securing GET /api/rules/statistics
2025-10-07T21:50:26.218+05:30 DEBUG 1092 --- [charge-management-system] [http-nio-8080-exec-1] o.s.security.web.FilterChainProxy        : Secured GET /api/rules/statistics
2025-10-07T21:50:26.260+05:30 DEBUG 1092 --- [charge-management-system] [http-nio-8080-exec-9] o.s.s.w.a.AnonymousAuthenticationFilter  : Set SecurityContextHolder to anonymous SecurityContext
2025-10-07T21:50:26.305+05:30 DEBUG 1092 --- [charge-management-system] [http-nio-8080-exec-1] o.s.s.w.a.AnonymousAuthenticationFilter  : Set SecurityContextHolder to anonymous SecurityContext
2025-10-07T21:50:26.310+05:30 DEBUG 1092 --- [charge-management-system] [http-nio-8080-exec-4] o.s.security.web.FilterChainProxy        : Securing GET /api/rules/statistics
2025-10-07T21:50:26.312+05:30 DEBUG 1092 --- [charge-management-system] [http-nio-8080-exec-4] o.s.security.web.FilterChainProxy        : Secured GET /api/rules/statistics
2025-10-07T21:50:26.354+05:30 DEBUG 1092 --- [charge-management-system] [http-nio-8080-exec-4] o.s.s.w.a.AnonymousAuthenticationFilter  : Set SecurityContextHolder to anonymous SecurityContext
2025-10-07T21:50:27.022+05:30 DEBUG 1092 --- [charge-management-system] [http-nio-8080-exec-7] o.s.security.web.FilterChainProxy        : Securing GET /api/health
2025-10-07T21:50:27.025+05:30 DEBUG 1092 --- [charge-management-system] [http-nio-8080-exec-5] o.s.security.web.FilterChainProxy        : Securing GET /api/welcome
2025-10-07T21:50:27.031+05:30 DEBUG 1092 --- [charge-management-system] [http-nio-8080-exec-7] o.s.security.web.FilterChainProxy        : Secured GET /api/health
2025-10-07T21:50:27.042+05:30 DEBUG 1092 --- [charge-management-system] [http-nio-8080-exec-5] o.s.security.web.FilterChainProxy        : Secured GET /api/welcome
2025-10-07T21:50:27.052+05:30 DEBUG 1092 --- [charge-management-system] [http-nio-8080-exec-7] o.s.s.w.a.AnonymousAuthenticationFilter  : Set SecurityContextHolder to anonymous SecurityContext
2025-10-07T21:50:27.056+05:30 DEBUG 1092 --- [charge-management-system] [http-nio-8080-exec-6] o.s.security.web.FilterChainProxy        : Securing GET /api/health
2025-10-07T21:50:27.059+05:30 DEBUG 1092 --- [charge-management-system] [http-nio-8080-exec-5] o.s.s.w.a.AnonymousAuthenticationFilter  : Set SecurityContextHolder to anonymous SecurityContext
2025-10-07T21:50:27.070+05:30 DEBUG 1092 --- [charge-management-system] [http-nio-8080-exec-2] o.s.security.web.FilterChainProxy        : Securing GET /api/welcome
2025-10-07T21:50:27.072+05:30 DEBUG 1092 --- [charge-management-system] [http-nio-8080-exec-6] o.s.security.web.FilterChainProxy        : Secured GET /api/health
2025-10-07T21:50:27.076+05:30 DEBUG 1092 --- [charge-management-system] [http-nio-8080-exec-2] o.s.security.web.FilterChainProxy        : Secured GET /api/welcome
2025-10-07T21:50:27.092+05:30 DEBUG 1092 --- [charge-management-system] [http-nio-8080-exec-2] o.s.s.w.a.AnonymousAuthenticationFilter  : Set SecurityContextHolder to anonymous SecurityContext
2025-10-07T21:50:27.097+05:30 DEBUG 1092 --- [charge-management-system] [http-nio-8080-exec-6] o.s.s.w.a.AnonymousAuthenticationFilter  : Set SecurityContextHolder to anonymous SecurityContext
2025-10-07T21:50:30.152+05:30 DEBUG 1092 --- [charge-management-system] [http-nio-8080-exec-8] o.s.security.web.FilterChainProxy        : Securing GET /api/rules
2025-10-07T21:50:30.154+05:30 DEBUG 1092 --- [charge-management-system] [http-nio-8080-exec-3] o.s.security.web.FilterChainProxy        : Securing GET /api/rules/metadata
2025-10-07T21:50:30.159+05:30 DEBUG 1092 --- [charge-management-system] [http-nio-8080-exec-8] o.s.security.web.FilterChainProxy        : Secured GET /api/rules
2025-10-07T21:50:30.193+05:30 DEBUG 1092 --- [charge-management-system] [http-nio-8080-exec-3] o.s.security.web.FilterChainProxy        : Secured GET /api/rules/metadata
2025-10-07T21:50:30.214+05:30 DEBUG 1092 --- [charge-management-system] [http-nio-8080-exec-9] o.s.security.web.FilterChainProxy        : Securing GET /api/rules/metadata
2025-10-07T21:50:30.221+05:30 DEBUG 1092 --- [charge-management-system] [http-nio-8080-exec-3] o.s.s.w.a.AnonymousAuthenticationFilter  : Set SecurityContextHolder to anonymous SecurityContext
2025-10-07T21:50:30.223+05:30 DEBUG 1092 --- [charge-management-system] [http-nio-8080-exec-9] o.s.security.web.FilterChainProxy        : Secured GET /api/rules/metadata
2025-10-07T21:50:30.236+05:30 DEBUG 1092 --- [charge-management-system] [http-nio-8080-exec-9] o.s.s.w.a.AnonymousAuthenticationFilter  : Set SecurityContextHolder to anonymous SecurityContext
2025-10-07T21:50:30.256+05:30 DEBUG 1092 --- [charge-management-system] [http-nio-8080-exec-8] o.s.s.w.a.AnonymousAuthenticationFilter  : Set SecurityContextHolder to anonymous SecurityContext
2025-10-07T21:50:30.256+05:30 DEBUG 1092 --- [charge-management-system] [http-nio-8080-exec-9] o.s.security.web.FilterChainProxy        : Securing GET /api/rules
2025-10-07T21:50:30.272+05:30 DEBUG 1092 --- [charge-management-system] [http-nio-8080-exec-1] o.s.security.web.FilterChainProxy        : Securing GET /api/rules/statistics
2025-10-07T21:50:30.272+05:30 DEBUG 1092 --- [charge-management-system] [http-nio-8080-exec-9] o.s.security.web.FilterChainProxy        : Secured GET /api/rules
2025-10-07T21:50:30.277+05:30 DEBUG 1092 --- [charge-management-system] [http-nio-8080-exec-1] o.s.security.web.FilterChainProxy        : Secured GET /api/rules/statistics
2025-10-07T21:50:30.340+05:30 DEBUG 1092 --- [charge-management-system] [http-nio-8080-exec-4] o.s.security.web.FilterChainProxy        : Securing GET /api/rules
2025-10-07T21:50:30.340+05:30 DEBUG 1092 --- [charge-management-system] [http-nio-8080-exec-9] o.s.s.w.a.AnonymousAuthenticationFilter  : Set SecurityContextHolder to anonymous SecurityContext
2025-10-07T21:50:30.342+05:30 DEBUG 1092 --- [charge-management-system] [http-nio-8080-exec-4] o.s.security.web.FilterChainProxy        : Secured GET /api/rules
2025-10-07T21:50:30.363+05:30 DEBUG 1092 --- [charge-management-system] [http-nio-8080-exec-1] o.s.s.w.a.AnonymousAuthenticationFilter  : Set SecurityContextHolder to anonymous SecurityContext
2025-10-07T21:50:30.371+05:30 DEBUG 1092 --- [charge-management-system] [http-nio-8080-exec-10] o.s.security.web.FilterChainProxy        : Securing GET /api/rules/statistics
2025-10-07T21:50:30.379+05:30 DEBUG 1092 --- [charge-management-system] [http-nio-8080-exec-10] o.s.security.web.FilterChainProxy        : Secured GET /api/rules/statistics
2025-10-07T21:50:30.405+05:30 DEBUG 1092 --- [charge-management-system] [http-nio-8080-exec-4] o.s.s.w.a.AnonymousAuthenticationFilter  : Set SecurityContextHolder to anonymous SecurityContext
2025-10-07T21:50:30.456+05:30 DEBUG 1092 --- [charge-management-system] [http-nio-8080-exec-10] o.s.s.w.a.AnonymousAuthenticationFilter  : Set SecurityContextHolder to anonymous SecurityContext
2025-10-07T21:50:30.461+05:30 DEBUG 1092 --- [charge-management-system] [http-nio-8080-exec-7] o.s.security.web.FilterChainProxy        : Securing GET /api/rules/statistics
2025-10-07T21:50:30.462+05:30 DEBUG 1092 --- [charge-management-system] [http-nio-8080-exec-7] o.s.security.web.FilterChainProxy        : Secured GET /api/rules/statistics
2025-10-07T21:50:30.487+05:30 DEBUG 1092 --- [charge-management-system] [http-nio-8080-exec-7] o.s.s.w.a.AnonymousAuthenticationFilter  : Set SecurityContextHolder to anonymous SecurityContext
